#
# A fatal error has been detected by the Java Runtime Environment:
#
#  EXCEPTION_ACCESS_VIOLATION (0xc0000005) at pc=0x5ca0e7c1, pid=4148, tid=10020
#
# JRE version: 6.0_29-b11
# Java VM: Java HotSpot(TM) Client VM (20.4-b02 mixed mode, sharing windows-x86 )
# Problematic frame:
# C  [aticfx32.dll+0x2e7c1]
#
# If you would like to submit a bug report, please visit:
#   http://java.sun.com/webapps/bugreport/crash.jsp
# The crash happened outside the Java Virtual Machine in native code.
# See problematic frame for where to report the bug.
#

---------------  T H R E A D  ---------------

Current thread (0x04720000):  JavaThread "LWJGL Application" [_thread_in_native, id=10020, stack(0x04e90000,0x04ee0000)]

siginfo: ExceptionCode=0xc0000005, reading address 0x00000140

Registers:
EAX=0x00000008, EBX=0x04edf248, ECX=0x00000009, EDX=0x00000000
ESP=0x04ede838, EBP=0x04ede844, ESI=0x05cf2898, EDI=0x05cf07d0
EIP=0x5ca0e7c1, EFLAGS=0x00010202

Top of Stack: (sp=0x04ede838)
0x04ede838:   04edf248 05cf07d0 74637344 04edf1dc
0x04ede848:   5ca0ceac 400000c0 04edf248 049fd878
0x04ede858:   02100210 400000c0 00000000 04ede870
0x04ede868:   00000960 400000c0 00000001 089a0000
0x04ede878:   00000009 00000000 00000005 00000006
0x04ede888:   0000027d 00000119 00000001 00000001
0x04ede898:   000083c3 00000001 00001197 000007fd
0x04ede8a8:   00000001 00000003 00000000 000001cd 

Instructions: (pc=0x5ca0e7c1)
0x5ca0e7a1:   5c 68 88 00 00 00 6a 08 52 8b f8 ff 15 b4 60 a3
0x5ca0e7b1:   5c 8b f0 85 f6 74 1b 8b 47 24 8b 4f 14 83 c0 08
0x5ca0e7c1:   8b 80 38 01 00 00 50 8b c7 e8 21 ff ff ff 8b f0
0x5ca0e7d1:   eb 02 33 f6 8b fe e8 24 4f 01 00 85 c0 7c 1d 53 


Register to memory mapping:

EAX=0x00000008 is an unknown value
EBX=0x04edf248 is pointing into the stack for thread: 0x04720000
ECX=0x00000009 is an unknown value
EDX=0x00000000 is an unknown value
ESP=0x04ede838 is pointing into the stack for thread: 0x04720000
EBP=0x04ede844 is pointing into the stack for thread: 0x04720000
ESI=0x05cf2898 is an unknown value
EDI=0x05cf07d0 is an unknown value


Stack: [0x04e90000,0x04ee0000],  sp=0x04ede838,  free space=314k
Native frames: (J=compiled Java code, j=interpreted, Vv=VM code, C=native code)
C  [aticfx32.dll+0x2e7c1]  GetKtProcAddress+0xcf1
C  [aticfx32.dll+0x2ceac]  gslCfxExit+0x631c
C  [atigktxx.dll+0x3c4c]  XopGetNumAdapters+0xa6e
C  [atigktxx.dll+0x1f43]  SetThunkProxyBypassMode+0x1f7

Java frames: (J=compiled Java code, j=interpreted, Vv=VM code)
j  org.lwjgl.opengl.WindowsPeerInfo.nChoosePixelFormat(JIILorg/lwjgl/opengl/PixelFormat;Ljava/nio/IntBuffer;ZZZZ)I+0
j  org.lwjgl.opengl.WindowsPeerInfo.choosePixelFormat(JIILorg/lwjgl/opengl/PixelFormat;Ljava/nio/IntBuffer;ZZZZ)I+15
j  org.lwjgl.opengl.WindowsDisplay.createWindow(Lorg/lwjgl/opengl/DisplayMode;Ljava/awt/Canvas;II)V+176
j  org.lwjgl.opengl.Display.createWindow()V+68
j  org.lwjgl.opengl.Display.create(Lorg/lwjgl/opengl/PixelFormat;Lorg/lwjgl/opengl/Drawable;Lorg/lwjgl/opengl/ContextAttribs;)V+66
j  org.lwjgl.opengl.Display.create(Lorg/lwjgl/opengl/PixelFormat;)V+9
j  com.badlogic.gdx.backends.lwjgl.LwjglGraphics.setupDisplay()V+61
j  com.badlogic.gdx.backends.lwjgl.LwjglApplication.mainLoop()V+4
j  com.badlogic.gdx.backends.lwjgl.LwjglApplication.access$000(Lcom/badlogic/gdx/backends/lwjgl/LwjglApplication;)V+1
j  com.badlogic.gdx.backends.lwjgl.LwjglApplication$1.run()V+4
v  ~StubRoutines::call_stub

---------------  P R O C E S S  ---------------

Java Threads: ( => current thread )
  0x04720800 JavaThread "DestroyJavaVM" [_thread_blocked, id=5444, stack(0x003a0000,0x003f0000)]
=>0x04720000 JavaThread "LWJGL Application" [_thread_in_native, id=10020, stack(0x04e90000,0x04ee0000)]
  0x0471fc00 JavaThread "com.google.inject.internal.util.$Finalizer" daemon [_thread_blocked, id=6492, stack(0x04910000,0x04960000)]
  0x020cc000 JavaThread "Low Memory Detector" daemon [_thread_blocked, id=10004, stack(0x045f0000,0x04640000)]
  0x020c7400 JavaThread "C1 CompilerThread0" daemon [_thread_blocked, id=4204, stack(0x04560000,0x045b0000)]
  0x020c6000 JavaThread "Attach Listener" daemon [_thread_blocked, id=2032, stack(0x044d0000,0x04520000)]
  0x020c3000 JavaThread "Signal Dispatcher" daemon [_thread_blocked, id=2084, stack(0x04440000,0x04490000)]
  0x020bb000 JavaThread "Finalizer" daemon [_thread_blocked, id=10148, stack(0x043b0000,0x04400000)]
  0x020b9800 JavaThread "Reference Handler" daemon [_thread_blocked, id=8404, stack(0x04320000,0x04370000)]

Other Threads:
  0x0207d800 VMThread [stack: 0x04290000,0x042e0000] [id=1336]
  0x020ddc00 WatcherThread [stack: 0x04680000,0x046d0000] [id=9420]

VM state:not at safepoint (normal execution)

VM Mutex/Monitor currently owned by a thread: None

Heap
 def new generation   total 4928K, used 4326K [0x240f0000, 0x24640000, 0x29640000)
  eden space 4416K,  93% used [0x240f0000, 0x244fad90, 0x24540000)
  from space 512K,  36% used [0x245c0000, 0x245eeb88, 0x24640000)
  to   space 512K,   0% used [0x24540000, 0x24540000, 0x245c0000)
 tenured generation   total 10944K, used 0K [0x29640000, 0x2a0f0000, 0x340f0000)
   the space 10944K,   0% used [0x29640000, 0x29640000, 0x29640200, 0x2a0f0000)
 compacting perm gen  total 12288K, used 1934K [0x340f0000, 0x34cf0000, 0x380f0000)
   the space 12288K,  15% used [0x340f0000, 0x342d3a40, 0x342d3c00, 0x34cf0000)
    ro space 10240K,  51% used [0x380f0000, 0x3861d0b8, 0x3861d200, 0x38af0000)
    rw space 12288K,  54% used [0x38af0000, 0x39189570, 0x39189600, 0x396f0000)

Code Cache  [0x02140000, 0x021e8000, 0x04140000)
 total_blobs=233 nmethods=96 adapters=73 free_code_cache=32892608 largest_free_block=0

Dynamic libraries:
0x00400000 - 0x00424000 	C:\Program Files (x86)\Java\jre6\bin\javaw.exe
0x77d80000 - 0x77f00000 	C:\Windows\SysWOW64\ntdll.dll
0x75b80000 - 0x75c80000 	C:\Windows\syswow64\kernel32.dll
0x75e30000 - 0x75e76000 	C:\Windows\syswow64\KERNELBASE.dll
0x75e90000 - 0x75f30000 	C:\Windows\syswow64\ADVAPI32.dll
0x774e0000 - 0x7758c000 	C:\Windows\syswow64\msvcrt.dll
0x76570000 - 0x76589000 	C:\Windows\SysWOW64\sechost.dll
0x76290000 - 0x76380000 	C:\Windows\syswow64\RPCRT4.dll
0x758f0000 - 0x75950000 	C:\Windows\syswow64\SspiCli.dll
0x758e0000 - 0x758ec000 	C:\Windows\syswow64\CRYPTBASE.dll
0x763f0000 - 0x764f0000 	C:\Windows\syswow64\USER32.dll
0x75da0000 - 0x75e30000 	C:\Windows\syswow64\GDI32.dll
0x763e0000 - 0x763ea000 	C:\Windows\syswow64\LPK.dll
0x75f30000 - 0x75fcd000 	C:\Windows\syswow64\USP10.dll
0x75ce0000 - 0x75d40000 	C:\Windows\system32\IMM32.DLL
0x761c0000 - 0x7628c000 	C:\Windows\syswow64\MSCTF.dll
0x7c340000 - 0x7c396000 	C:\Program Files (x86)\Java\jre6\bin\msvcr71.dll
0x6d7f0000 - 0x6da9f000 	C:\Program Files (x86)\Java\jre6\bin\client\jvm.dll
0x729b0000 - 0x729e2000 	C:\Windows\system32\WINMM.dll
0x74d40000 - 0x74d8b000 	C:\Windows\system32\apphelp.dll
0x6d7a0000 - 0x6d7ac000 	C:\Program Files (x86)\Java\jre6\bin\verify.dll
0x6d320000 - 0x6d33f000 	C:\Program Files (x86)\Java\jre6\bin\java.dll
0x6d7e0000 - 0x6d7ef000 	C:\Program Files (x86)\Java\jre6\bin\zip.dll
0x04960000 - 0x049db000 	C:\Users\g.kisonas\AppData\Local\Temp\libgdx\1728443592\gdx.dll
0x10000000 - 0x10072000 	C:\Users\g.kisonas\AppData\Local\Temp\libgdx\1728443592\lwjgl.dll
0x71050000 - 0x711ee000 	C:\Windows\WinSxS\x86_microsoft.windows.common-controls_6595b64144ccf1df_6.0.7600.16661_none_420fe3fa2b8113bd\COMCTL32.dll
0x75c80000 - 0x75cd7000 	C:\Windows\syswow64\SHLWAPI.dll
0x5d4e0000 - 0x5d5a8000 	C:\Windows\system32\OPENGL32.dll
0x5d4b0000 - 0x5d4d2000 	C:\Windows\system32\GLU32.dll
0x70960000 - 0x70a47000 	C:\Windows\system32\DDRAW.dll
0x3fd30000 - 0x3fd36000 	C:\Windows\system32\DCIMAN32.dll
0x766b0000 - 0x7684d000 	C:\Windows\syswow64\SETUPAPI.dll
0x75b50000 - 0x75b77000 	C:\Windows\syswow64\CFGMGR32.dll
0x77590000 - 0x7761f000 	C:\Windows\syswow64\OLEAUT32.dll
0x77820000 - 0x7797c000 	C:\Windows\syswow64\ole32.dll
0x76390000 - 0x763a2000 	C:\Windows\syswow64\DEVOBJ.dll
0x73550000 - 0x73563000 	C:\Windows\system32\dwmapi.dll
0x75380000 - 0x75389000 	C:\Windows\system32\VERSION.dll
0x04ae0000 - 0x04b30000 	C:\Users\GDC59~1.KIS\AppData\Local\Temp\libgdx\1728443592\OpenAL32.dll
0x76850000 - 0x77499000 	C:\Windows\syswow64\SHELL32.dll
0x6bb50000 - 0x6bbc2000 	C:\Windows\system32\dsound.dll
0x673f0000 - 0x67415000 	C:\Windows\system32\POWRPROF.dll
0x76130000 - 0x761b3000 	C:\Windows\syswow64\CLBCatQ.DLL
0x6f910000 - 0x6fa05000 	C:\Windows\System32\PROPSYS.dll
0x763b0000 - 0x763dd000 	C:\Windows\syswow64\WINTRUST.dll
0x76590000 - 0x766ac000 	C:\Windows\syswow64\CRYPT32.dll
0x77d50000 - 0x77d5c000 	C:\Windows\syswow64\MSASN1.dll
0x6bcc0000 - 0x6bcf9000 	C:\Windows\system32\MMDevAPI.DLL
0x6bb20000 - 0x6bb50000 	C:\Windows\system32\wdmaud.drv
0x6bd60000 - 0x6bd64000 	C:\Windows\system32\ksuser.dll
0x6bd10000 - 0x6bd17000 	C:\Windows\system32\AVRT.dll
0x73950000 - 0x739d0000 	C:\Windows\system32\uxtheme.dll
0x05100000 - 0x05ba4000 	C:\Windows\system32\ig4icd32.dll
0x74630000 - 0x7463a000 	C:\Windows\system32\atigktxx.dll
0x5c9e0000 - 0x5ca76000 	C:\Windows\system32\aticfx32.dll
0x76380000 - 0x76385000 	C:\Windows\system32\PSAPI.DLL

VM Arguments:
jvm_args: -Dfile.encoding=Cp1257 
java_command: inc.bezdelniki.snake.desktop.Main
Launcher Type: SUN_STANDARD

Environment Variables:
PATH=C:/Program Files (x86)/Java/jre6/bin/client;C:/Program Files (x86)/Java/jre6/bin;C:/Program Files (x86)/Java/jre6/lib/i386;C:\Program Files (x86)\ATI Stream\bin\x86_64;C:\Program Files (x86)\ATI Stream\bin\x86;C:\Windows\system32;C:\Windows;C:\Windows\System32\Wbem;C:\Windows\System32\WindowsPowerShell\v1.0\;C:\Program Files\TortoiseSVN\bin;C:\Program Files (x86)\ATI Technologies\ATI.ACE\Core-Static;C:\Program Files (x86)\Microsoft SQL Server\100\Tools\Binn\;C:\Program Files\Microsoft SQL Server\100\Tools\Binn\;C:\Program Files\Microsoft SQL Server\100\DTS\Binn\;C:\Program Files (x86)\Microsoft SQL Server\100\Tools\Binn\VSShell\Common7\IDE\;C:\Program Files (x86)\Microsoft SQL Server\100\DTS\Binn\;C:\Program Files (x86)\Microsoft Visual Studio 9.0\Common7\IDE\PrivateAssemblies\;C:\Program Files (x86)\TortoiseSVN\bin;C:\Program Files (x86)\Git\cmd;C:\Program Files (x86)\Git\bin;C:\Program Files (x86)\Microsoft SQL Server\90\Tools\binn\;D:\eclipse;
USERNAME=g.kisonas
OS=Windows_NT
PROCESSOR_IDENTIFIER=Intel64 Family 6 Model 23 Stepping 10, GenuineIntel



---------------  S Y S T E M  ---------------

OS: Windows 7 , 64 bit Build 7600 

CPU:total 4 (4 cores per cpu, 1 threads per core) family 6 model 23 stepping 10, cmov, cx8, fxsr, mmx, sse, sse2, sse3, ssse3, sse4.1

Memory: 4k page, physical 4087036k(1499228k free), swap 8421320k(4299556k free)

vm_info: Java HotSpot(TM) Client VM (20.4-b02) for windows-x86 JRE (1.6.0_29-b11), built on Oct  3 2011 01:01:08 by "java_re" with MS VC++ 7.1 (VS2003)

time: Wed Nov 23 14:29:48 2011
elapsed time: 1 seconds

